2020-mai-15 05:30:24 AM [main] INFO  com.sakhri.trainingService.service.impl.TrainingServiceImplTest - No active profile set, falling back to default profiles: default
2020-mai-15 05:30:35 AM [main] INFO  com.sakhri.trainingService.service.impl.TrainingServiceImplTest - No active profile set, falling back to default profiles: default
2020-mai-15 05:32:06 AM [main] INFO  com.sakhri.trainingService.service.impl.TrainingServiceImplTest - No active profile set, falling back to default profiles: default
2020-mai-15 05:32:25 AM [main] INFO  com.sakhri.trainingService.service.impl.TrainingServiceImplTest - Started TrainingServiceImplTest in 20.521 seconds (JVM running for 27.961)
2020-mai-15 05:32:26 AM [main] INFO  com.sakhri.trainingService.service.impl.TrainingServiceImpl - Create Training Entity from DTO TrainingDto(name=tr1, muscle=BICEPS, description=null, exercicesId=[1, 2, 3])
2020-mai-15 05:32:26 AM [main] INFO  com.sakhri.trainingService.service.impl.TrainingServiceImpl - Verifying exerciceId 1
2020-mai-15 05:32:26 AM [main] INFO  com.sakhri.trainingService.service.impl.TrainingServiceImpl - ExerciceId 1 exist : true
2020-mai-15 05:32:26 AM [main] INFO  com.sakhri.trainingService.service.impl.TrainingServiceImpl - Verifying exerciceId 2
2020-mai-15 05:32:26 AM [main] INFO  com.sakhri.trainingService.service.impl.TrainingServiceImpl - ExerciceId 2 exist : true
2020-mai-15 05:32:26 AM [main] INFO  com.sakhri.trainingService.service.impl.TrainingServiceImpl - Verifying exerciceId 3
2020-mai-15 05:32:26 AM [main] INFO  com.sakhri.trainingService.service.impl.TrainingServiceImpl - ExerciceId 3 exist : true
2020-mai-15 05:32:26 AM [main] INFO  com.sakhri.trainingService.service.impl.TrainingServiceImpl - Saving Training to DB
2020-mai-15 05:39:36 AM [main] INFO  com.sakhri.trainingService.service.impl.TrainingServiceImplTest - No active profile set, falling back to default profiles: default
2020-mai-15 05:39:56 AM [main] INFO  com.sakhri.trainingService.service.impl.TrainingServiceImplTest - Started TrainingServiceImplTest in 21.366 seconds (JVM running for 29.217)
2020-mai-15 05:39:56 AM [main] INFO  com.sakhri.trainingService.service.impl.TrainingServiceImpl - Create Training Entity from DTO TrainingDto(name=tr1, muscle=BICEPS, description=null, exercicesId=[1, 2, 3])
2020-mai-15 05:39:56 AM [main] INFO  com.sakhri.trainingService.service.impl.TrainingServiceImpl - Verifying exerciceId 1
2020-mai-15 05:39:56 AM [main] INFO  com.sakhri.trainingService.service.impl.TrainingServiceImpl - ExerciceId 1 exist : true
2020-mai-15 05:39:56 AM [main] INFO  com.sakhri.trainingService.service.impl.TrainingServiceImpl - Verifying exerciceId 2
2020-mai-15 05:39:56 AM [main] INFO  com.sakhri.trainingService.service.impl.TrainingServiceImpl - ExerciceId 2 exist : true
2020-mai-15 05:39:56 AM [main] INFO  com.sakhri.trainingService.service.impl.TrainingServiceImpl - Verifying exerciceId 3
2020-mai-15 05:39:56 AM [main] INFO  com.sakhri.trainingService.service.impl.TrainingServiceImpl - ExerciceId 3 exist : true
2020-mai-15 05:39:56 AM [main] INFO  com.sakhri.trainingService.service.impl.TrainingServiceImpl - Saving Training to DB
2020-mai-15 05:39:56 AM [main] INFO  com.sakhri.trainingService.service.impl.TrainingServiceImpl - Getting all Trainings
2020-mai-15 05:39:56 AM [main] INFO  com.sakhri.trainingService.service.impl.TrainingServiceImpl - Creating TrainingDto From Entity Training(id=1, name=tr1, description=null, muscle=BICEPS, exercicesId=1,2,3)
2020-mai-15 05:39:56 AM [main] INFO  com.sakhri.trainingService.service.impl.TrainingServiceImpl - TrainingDto : TrainingDto(name=tr1, muscle=BICEPS, description=null, exercicesId=[1, 2, 3])
2020-mai-15 05:41:33 AM [main] INFO  com.sakhri.trainingService.service.impl.TrainingServiceImplTest - No active profile set, falling back to default profiles: default
2020-mai-15 05:41:51 AM [main] INFO  com.sakhri.trainingService.service.impl.TrainingServiceImplTest - Started TrainingServiceImplTest in 20.135 seconds (JVM running for 28.253)
2020-mai-15 05:41:52 AM [main] INFO  com.sakhri.trainingService.service.impl.TrainingServiceImpl - Create Training Entity from DTO TrainingDto(name=tr1, muscle=BICEPS, description=null, exercicesId=[1, 2, 3])
2020-mai-15 05:41:52 AM [main] INFO  com.sakhri.trainingService.service.impl.TrainingServiceImpl - Verifying exerciceId 1
2020-mai-15 05:41:52 AM [main] INFO  com.sakhri.trainingService.service.impl.TrainingServiceImpl - ExerciceId 1 exist : true
2020-mai-15 05:41:52 AM [main] INFO  com.sakhri.trainingService.service.impl.TrainingServiceImpl - Verifying exerciceId 2
2020-mai-15 05:41:52 AM [main] INFO  com.sakhri.trainingService.service.impl.TrainingServiceImpl - ExerciceId 2 exist : true
2020-mai-15 05:41:52 AM [main] INFO  com.sakhri.trainingService.service.impl.TrainingServiceImpl - Verifying exerciceId 3
2020-mai-15 05:41:52 AM [main] INFO  com.sakhri.trainingService.service.impl.TrainingServiceImpl - ExerciceId 3 exist : true
2020-mai-15 05:41:52 AM [main] INFO  com.sakhri.trainingService.service.impl.TrainingServiceImpl - Saving Training to DB
2020-mai-15 05:41:52 AM [main] INFO  com.sakhri.trainingService.service.impl.TrainingServiceImpl - Getting all Trainings
2020-mai-15 05:41:52 AM [main] INFO  com.sakhri.trainingService.service.impl.TrainingServiceImpl - Creating TrainingDto From Entity Training(id=1, name=tr1, description=null, muscle=BICEPS, exercicesId=1,2,3)
2020-mai-15 05:41:52 AM [main] INFO  com.sakhri.trainingService.service.impl.TrainingServiceImpl - TrainingDto : TrainingDto(name=tr1, muscle=BICEPS, description=null, exercicesId=[1, 2, 3])
2020-mai-15 05:42:24 AM [main] INFO  com.sakhri.trainingService.service.impl.TrainingServiceImplTest - No active profile set, falling back to default profiles: default
2020-mai-15 05:42:39 AM [main] INFO  com.sakhri.trainingService.service.impl.TrainingServiceImplTest - Started TrainingServiceImplTest in 16.864 seconds (JVM running for 24.097)
2020-mai-15 05:42:40 AM [main] INFO  com.sakhri.trainingService.service.impl.TrainingServiceImpl - Create Training Entity from DTO TrainingDto(name=tr1, muscle=BICEPS, description=null, exercicesId=[1, 2, 3])
2020-mai-15 05:42:40 AM [main] INFO  com.sakhri.trainingService.service.impl.TrainingServiceImpl - Verifying exerciceId 1
2020-mai-15 05:42:40 AM [main] INFO  com.sakhri.trainingService.service.impl.TrainingServiceImpl - ExerciceId 1 exist : true
2020-mai-15 05:42:40 AM [main] INFO  com.sakhri.trainingService.service.impl.TrainingServiceImpl - Verifying exerciceId 2
2020-mai-15 05:42:40 AM [main] INFO  com.sakhri.trainingService.service.impl.TrainingServiceImpl - ExerciceId 2 exist : true
2020-mai-15 05:42:40 AM [main] INFO  com.sakhri.trainingService.service.impl.TrainingServiceImpl - Verifying exerciceId 3
2020-mai-15 05:42:40 AM [main] INFO  com.sakhri.trainingService.service.impl.TrainingServiceImpl - ExerciceId 3 exist : true
2020-mai-15 05:42:40 AM [main] INFO  com.sakhri.trainingService.service.impl.TrainingServiceImpl - Saving Training to DB
2020-mai-15 05:42:40 AM [main] INFO  com.sakhri.trainingService.service.impl.TrainingServiceImpl - Getting all Trainings
2020-mai-15 05:42:40 AM [main] INFO  com.sakhri.trainingService.service.impl.TrainingServiceImpl - Creating TrainingDto From Entity Training(id=1, name=tr1, description=null, muscle=BICEPS, exercicesId=1,2,3)
2020-mai-15 05:42:40 AM [main] INFO  com.sakhri.trainingService.service.impl.TrainingServiceImpl - TrainingDto : TrainingDto(name=tr1, muscle=BICEPS, description=null, exercicesId=[1, 2, 3])
2020-mai-15 05:44:56 AM [main] INFO  com.sakhri.trainingService.service.impl.TrainingServiceImplTest - No active profile set, falling back to default profiles: default
2020-mai-15 05:45:14 AM [main] INFO  com.sakhri.trainingService.service.impl.TrainingServiceImplTest - Started TrainingServiceImplTest in 20.144 seconds (JVM running for 27.275)
2020-mai-15 05:45:15 AM [main] INFO  com.sakhri.trainingService.service.impl.TrainingServiceImpl - Create Training Entity from DTO TrainingDto(name=tr1, muscle=BICEPS, description=null, exercicesId=[1, 2, 3])
2020-mai-15 05:45:15 AM [main] INFO  com.sakhri.trainingService.service.impl.TrainingServiceImpl - Verifying exerciceId 1
2020-mai-15 05:45:15 AM [main] INFO  com.sakhri.trainingService.service.impl.TrainingServiceImpl - ExerciceId 1 exist : true
2020-mai-15 05:45:15 AM [main] INFO  com.sakhri.trainingService.service.impl.TrainingServiceImpl - Verifying exerciceId 2
2020-mai-15 05:45:15 AM [main] INFO  com.sakhri.trainingService.service.impl.TrainingServiceImpl - ExerciceId 2 exist : true
2020-mai-15 05:45:15 AM [main] INFO  com.sakhri.trainingService.service.impl.TrainingServiceImpl - Verifying exerciceId 3
2020-mai-15 05:45:15 AM [main] INFO  com.sakhri.trainingService.service.impl.TrainingServiceImpl - ExerciceId 3 exist : true
2020-mai-15 05:45:15 AM [main] INFO  com.sakhri.trainingService.service.impl.TrainingServiceImpl - Saving Training to DB
2020-mai-15 05:45:15 AM [main] INFO  com.sakhri.trainingService.service.impl.TrainingServiceImpl - Getting all Trainings
2020-mai-15 05:45:15 AM [main] INFO  com.sakhri.trainingService.service.impl.TrainingServiceImpl - Creating TrainingDto From Entity Training(id=1, name=tr1, description=null, muscle=BICEPS, exercicesId=1,2,3)
2020-mai-15 05:45:15 AM [main] INFO  com.sakhri.trainingService.service.impl.TrainingServiceImpl - TrainingDto : TrainingDto(name=tr1, muscle=BICEPS, description=null, exercicesId=[1, 2, 3])
2020-mai-15 06:17:03 AM [main] INFO  com.sakhri.trainingService.integration.TrainingControllerIntegrationTest - No active profile set, falling back to default profiles: default
2020-mai-15 06:17:31 AM [main] INFO  com.sakhri.trainingService.integration.TrainingControllerIntegrationTest - Started TrainingControllerIntegrationTest in 29.252 seconds (JVM running for 36.418)
2020-mai-15 06:17:32 AM [main] INFO  com.sakhri.trainingService.controller.TrainingController - Request for Creating a training with DTO CreateTraining(id=null, name=tr1, muscle=BICEPS, description=null, exercicesId=[1, 2, 3])
2020-mai-15 06:17:32 AM [main] INFO  com.sakhri.trainingService.service.impl.TrainingServiceImpl - Create Training Entity from DTO TrainingDto(name=tr1, muscle=BICEPS, description=null, exercicesId=[1, 2, 3])
2020-mai-15 06:17:32 AM [main] INFO  com.sakhri.trainingService.service.impl.TrainingServiceImpl - Verifying exerciceId 1
2020-mai-15 06:17:34 AM [main] ERROR com.sakhri.trainingService.exceptions.GlobalExceptionHandler - com.netflix.client.ClientException: Load balancer does not have available server for client: netflix-zuul-api-gateway-server
java.lang.RuntimeException: com.netflix.client.ClientException: Load balancer does not have available server for client: netflix-zuul-api-gateway-server
	at org.springframework.cloud.openfeign.ribbon.LoadBalancerFeignClient.execute(LoadBalancerFeignClient.java:90) ~[spring-cloud-openfeign-core-2.2.2.RELEASE.jar:2.2.2.RELEASE]
	at org.springframework.cloud.sleuth.instrument.web.client.feign.TraceLoadBalancerFeignClient.execute(TraceLoadBalancerFeignClient.java:70) ~[spring-cloud-sleuth-core-2.2.2.RELEASE.jar:2.2.2.RELEASE]
	at feign.SynchronousMethodHandler.executeAndDecode(SynchronousMethodHandler.java:110) ~[feign-core-10.7.4.jar:?]
	at feign.SynchronousMethodHandler.invoke(SynchronousMethodHandler.java:80) ~[feign-core-10.7.4.jar:?]
	at feign.ReflectiveFeign$FeignInvocationHandler.invoke(ReflectiveFeign.java:100) ~[feign-core-10.7.4.jar:?]
	at com.sun.proxy.$Proxy213.verifExercice(Unknown Source) ~[?:?]
	at com.sakhri.trainingService.service.impl.TrainingServiceImpl.verifyExercice(TrainingServiceImpl.java:104) ~[classes/:?]
	at com.sakhri.trainingService.service.impl.TrainingServiceImpl.lambda$0(TrainingServiceImpl.java:44) ~[classes/:?]
	at java.util.ArrayList$ArrayListSpliterator.forEachRemaining(ArrayList.java:1654) ~[?:?]
	at java.util.stream.ReferencePipeline$Head.forEach(ReferencePipeline.java:658) ~[?:?]
	at com.sakhri.trainingService.service.impl.TrainingServiceImpl.createTraining(TrainingServiceImpl.java:44) ~[classes/:?]
	at com.sakhri.trainingService.controller.TrainingController.createTraining(TrainingController.java:42) ~[classes/:?]
	at jdk.internal.reflect.NativeMethodAccessorImpl.invoke0(Native Method) ~[?:?]
	at jdk.internal.reflect.NativeMethodAccessorImpl.invoke(NativeMethodAccessorImpl.java:62) ~[?:?]
	at jdk.internal.reflect.DelegatingMethodAccessorImpl.invoke(DelegatingMethodAccessorImpl.java:43) ~[?:?]
	at java.lang.reflect.Method.invoke(Method.java:566) ~[?:?]
	at org.springframework.web.method.support.InvocableHandlerMethod.doInvoke(InvocableHandlerMethod.java:190) ~[spring-web-5.2.5.RELEASE.jar:5.2.5.RELEASE]
	at org.springframework.web.method.support.InvocableHandlerMethod.invokeForRequest(InvocableHandlerMethod.java:138) ~[spring-web-5.2.5.RELEASE.jar:5.2.5.RELEASE]
	at org.springframework.web.servlet.mvc.method.annotation.ServletInvocableHandlerMethod.invokeAndHandle(ServletInvocableHandlerMethod.java:105) ~[spring-webmvc-5.2.5.RELEASE.jar:5.2.5.RELEASE]
	at org.springframework.web.servlet.mvc.method.annotation.RequestMappingHandlerAdapter.invokeHandlerMethod(RequestMappingHandlerAdapter.java:879) ~[spring-webmvc-5.2.5.RELEASE.jar:5.2.5.RELEASE]
	at org.springframework.web.servlet.mvc.method.annotation.RequestMappingHandlerAdapter.handleInternal(RequestMappingHandlerAdapter.java:793) ~[spring-webmvc-5.2.5.RELEASE.jar:5.2.5.RELEASE]
	at org.springframework.web.servlet.mvc.method.AbstractHandlerMethodAdapter.handle(AbstractHandlerMethodAdapter.java:87) ~[spring-webmvc-5.2.5.RELEASE.jar:5.2.5.RELEASE]
	at org.springframework.web.servlet.DispatcherServlet.doDispatch(DispatcherServlet.java:1040) ~[spring-webmvc-5.2.5.RELEASE.jar:5.2.5.RELEASE]
	at org.springframework.web.servlet.DispatcherServlet.doService(DispatcherServlet.java:943) ~[spring-webmvc-5.2.5.RELEASE.jar:5.2.5.RELEASE]
	at org.springframework.web.servlet.FrameworkServlet.processRequest(FrameworkServlet.java:1006) ~[spring-webmvc-5.2.5.RELEASE.jar:5.2.5.RELEASE]
	at org.springframework.web.servlet.FrameworkServlet.doPost(FrameworkServlet.java:909) ~[spring-webmvc-5.2.5.RELEASE.jar:5.2.5.RELEASE]
	at javax.servlet.http.HttpServlet.service(HttpServlet.java:660) ~[tomcat-embed-core-9.0.33.jar:9.0.33]
	at org.springframework.web.servlet.FrameworkServlet.service(FrameworkServlet.java:883) ~[spring-webmvc-5.2.5.RELEASE.jar:5.2.5.RELEASE]
	at org.springframework.test.web.servlet.TestDispatcherServlet.service(TestDispatcherServlet.java:72) ~[spring-test-5.2.5.RELEASE.jar:5.2.5.RELEASE]
	at javax.servlet.http.HttpServlet.service(HttpServlet.java:741) ~[tomcat-embed-core-9.0.33.jar:9.0.33]
	at org.springframework.mock.web.MockFilterChain$ServletFilterProxy.doFilter(MockFilterChain.java:167) ~[spring-test-5.2.5.RELEASE.jar:5.2.5.RELEASE]
	at org.springframework.mock.web.MockFilterChain.doFilter(MockFilterChain.java:134) ~[spring-test-5.2.5.RELEASE.jar:5.2.5.RELEASE]
	at org.springframework.test.web.servlet.MockMvc.perform(MockMvc.java:183) ~[spring-test-5.2.5.RELEASE.jar:5.2.5.RELEASE]
	at com.sakhri.trainingService.integration.TrainingControllerIntegrationTest.whenCreateTrainingWithValidDataThenReturnTrue(TrainingControllerIntegrationTest.java:64) ~[test-classes/:?]
	at jdk.internal.reflect.NativeMethodAccessorImpl.invoke0(Native Method) ~[?:?]
	at jdk.internal.reflect.NativeMethodAccessorImpl.invoke(NativeMethodAccessorImpl.java:62) ~[?:?]
	at jdk.internal.reflect.DelegatingMethodAccessorImpl.invoke(DelegatingMethodAccessorImpl.java:43) ~[?:?]
	at java.lang.reflect.Method.invoke(Method.java:566) ~[?:?]
	at org.junit.platform.commons.util.ReflectionUtils.invokeMethod(ReflectionUtils.java:675) ~[junit-platform-commons-1.5.2.jar:1.5.2]
	at org.junit.jupiter.engine.execution.MethodInvocation.proceed(MethodInvocation.java:60) ~[junit-jupiter-engine-5.5.2.jar:5.5.2]
	at org.junit.jupiter.engine.execution.InvocationInterceptorChain$ValidatingInvocation.proceed(InvocationInterceptorChain.java:125) ~[junit-jupiter-engine-5.5.2.jar:5.5.2]
	at org.junit.jupiter.engine.extension.TimeoutExtension.intercept(TimeoutExtension.java:132) ~[junit-jupiter-engine-5.5.2.jar:5.5.2]
	at org.junit.jupiter.engine.extension.TimeoutExtension.interceptTestableMethod(TimeoutExtension.java:124) ~[junit-jupiter-engine-5.5.2.jar:5.5.2]
	at org.junit.jupiter.engine.extension.TimeoutExtension.interceptTestMethod(TimeoutExtension.java:74) ~[junit-jupiter-engine-5.5.2.jar:5.5.2]
	at org.junit.jupiter.engine.execution.ExecutableInvoker$ReflectiveInterceptorCall.lambda$ofVoidMethod$0(ExecutableInvoker.java:115) ~[junit-jupiter-engine-5.5.2.jar:5.5.2]
	at org.junit.jupiter.engine.execution.ExecutableInvoker.lambda$invoke$0(ExecutableInvoker.java:105) ~[junit-jupiter-engine-5.5.2.jar:5.5.2]
	at org.junit.jupiter.engine.execution.InvocationInterceptorChain$InterceptedInvocation.proceed(InvocationInterceptorChain.java:104) ~[junit-jupiter-engine-5.5.2.jar:5.5.2]
	at org.junit.jupiter.engine.execution.InvocationInterceptorChain.proceed(InvocationInterceptorChain.java:62) ~[junit-jupiter-engine-5.5.2.jar:5.5.2]
	at org.junit.jupiter.engine.execution.InvocationInterceptorChain.chainAndInvoke(InvocationInterceptorChain.java:43) ~[junit-jupiter-engine-5.5.2.jar:5.5.2]
	at org.junit.jupiter.engine.execution.InvocationInterceptorChain.invoke(InvocationInterceptorChain.java:35) ~[junit-jupiter-engine-5.5.2.jar:5.5.2]
	at org.junit.jupiter.engine.execution.ExecutableInvoker.invoke(ExecutableInvoker.java:104) ~[junit-jupiter-engine-5.5.2.jar:5.5.2]
	at org.junit.jupiter.engine.execution.ExecutableInvoker.invoke(ExecutableInvoker.java:98) ~[junit-jupiter-engine-5.5.2.jar:5.5.2]
	at org.junit.jupiter.engine.descriptor.TestMethodTestDescriptor.lambda$invokeTestMethod$6(TestMethodTestDescriptor.java:202) ~[junit-jupiter-engine-5.5.2.jar:5.5.2]
	at org.junit.platform.engine.support.hierarchical.ThrowableCollector.execute(ThrowableCollector.java:73) ~[junit-platform-engine-1.5.2.jar:1.5.2]
	at org.junit.jupiter.engine.descriptor.TestMethodTestDescriptor.invokeTestMethod(TestMethodTestDescriptor.java:198) ~[junit-jupiter-engine-5.5.2.jar:5.5.2]
	at org.junit.jupiter.engine.descriptor.TestMethodTestDescriptor.execute(TestMethodTestDescriptor.java:135) ~[junit-jupiter-engine-5.5.2.jar:5.5.2]
	at org.junit.jupiter.engine.descriptor.TestMethodTestDescriptor.execute(TestMethodTestDescriptor.java:69) ~[junit-jupiter-engine-5.5.2.jar:5.5.2]
	at org.junit.platform.engine.support.hierarchical.NodeTestTask.lambda$executeRecursively$5(NodeTestTask.java:135) ~[junit-platform-engine-1.5.2.jar:1.5.2]
	at org.junit.platform.engine.support.hierarchical.ThrowableCollector.execute(ThrowableCollector.java:73) ~[junit-platform-engine-1.5.2.jar:1.5.2]
	at org.junit.platform.engine.support.hierarchical.NodeTestTask.lambda$executeRecursively$7(NodeTestTask.java:125) ~[junit-platform-engine-1.5.2.jar:1.5.2]
	at org.junit.platform.engine.support.hierarchical.Node.around(Node.java:135) ~[junit-platform-engine-1.5.2.jar:1.5.2]
	at org.junit.platform.engine.support.hierarchical.NodeTestTask.lambda$executeRecursively$8(NodeTestTask.java:123) ~[junit-platform-engine-1.5.2.jar:1.5.2]
	at org.junit.platform.engine.support.hierarchical.ThrowableCollector.execute(ThrowableCollector.java:73) ~[junit-platform-engine-1.5.2.jar:1.5.2]
	at org.junit.platform.engine.support.hierarchical.NodeTestTask.executeRecursively(NodeTestTask.java:122) ~[junit-platform-engine-1.5.2.jar:1.5.2]
	at org.junit.platform.engine.support.hierarchical.NodeTestTask.execute(NodeTestTask.java:80) ~[junit-platform-engine-1.5.2.jar:1.5.2]
	at java.util.ArrayList.forEach(ArrayList.java:1540) ~[?:?]
	at org.junit.platform.engine.support.hierarchical.SameThreadHierarchicalTestExecutorService.invokeAll(SameThreadHierarchicalTestExecutorService.java:38) ~[junit-platform-engine-1.5.2.jar:1.5.2]
	at org.junit.platform.engine.support.hierarchical.NodeTestTask.lambda$executeRecursively$5(NodeTestTask.java:139) ~[junit-platform-engine-1.5.2.jar:1.5.2]
	at org.junit.platform.engine.support.hierarchical.ThrowableCollector.execute(ThrowableCollector.java:73) ~[junit-platform-engine-1.5.2.jar:1.5.2]
	at org.junit.platform.engine.support.hierarchical.NodeTestTask.lambda$executeRecursively$7(NodeTestTask.java:125) ~[junit-platform-engine-1.5.2.jar:1.5.2]
	at org.junit.platform.engine.support.hierarchical.Node.around(Node.java:135) ~[junit-platform-engine-1.5.2.jar:1.5.2]
	at org.junit.platform.engine.support.hierarchical.NodeTestTask.lambda$executeRecursively$8(NodeTestTask.java:123) ~[junit-platform-engine-1.5.2.jar:1.5.2]
	at org.junit.platform.engine.support.hierarchical.ThrowableCollector.execute(ThrowableCollector.java:73) ~[junit-platform-engine-1.5.2.jar:1.5.2]
	at org.junit.platform.engine.support.hierarchical.NodeTestTask.executeRecursively(NodeTestTask.java:122) ~[junit-platform-engine-1.5.2.jar:1.5.2]
	at org.junit.platform.engine.support.hierarchical.NodeTestTask.execute(NodeTestTask.java:80) ~[junit-platform-engine-1.5.2.jar:1.5.2]
	at java.util.ArrayList.forEach(ArrayList.java:1540) ~[?:?]
	at org.junit.platform.engine.support.hierarchical.SameThreadHierarchicalTestExecutorService.invokeAll(SameThreadHierarchicalTestExecutorService.java:38) ~[junit-platform-engine-1.5.2.jar:1.5.2]
	at org.junit.platform.engine.support.hierarchical.NodeTestTask.lambda$executeRecursively$5(NodeTestTask.java:139) ~[junit-platform-engine-1.5.2.jar:1.5.2]
	at org.junit.platform.engine.support.hierarchical.ThrowableCollector.execute(ThrowableCollector.java:73) ~[junit-platform-engine-1.5.2.jar:1.5.2]
	at org.junit.platform.engine.support.hierarchical.NodeTestTask.lambda$executeRecursively$7(NodeTestTask.java:125) ~[junit-platform-engine-1.5.2.jar:1.5.2]
	at org.junit.platform.engine.support.hierarchical.Node.around(Node.java:135) ~[junit-platform-engine-1.5.2.jar:1.5.2]
	at org.junit.platform.engine.support.hierarchical.NodeTestTask.lambda$executeRecursively$8(NodeTestTask.java:123) ~[junit-platform-engine-1.5.2.jar:1.5.2]
	at org.junit.platform.engine.support.hierarchical.ThrowableCollector.execute(ThrowableCollector.java:73) ~[junit-platform-engine-1.5.2.jar:1.5.2]
	at org.junit.platform.engine.support.hierarchical.NodeTestTask.executeRecursively(NodeTestTask.java:122) ~[junit-platform-engine-1.5.2.jar:1.5.2]
	at org.junit.platform.engine.support.hierarchical.NodeTestTask.execute(NodeTestTask.java:80) ~[junit-platform-engine-1.5.2.jar:1.5.2]
	at org.junit.platform.engine.support.hierarchical.SameThreadHierarchicalTestExecutorService.submit(SameThreadHierarchicalTestExecutorService.java:32) ~[junit-platform-engine-1.5.2.jar:1.5.2]
	at org.junit.platform.engine.support.hierarchical.HierarchicalTestExecutor.execute(HierarchicalTestExecutor.java:57) ~[junit-platform-engine-1.5.2.jar:1.5.2]
	at org.junit.platform.engine.support.hierarchical.HierarchicalTestEngine.execute(HierarchicalTestEngine.java:51) ~[junit-platform-engine-1.5.2.jar:1.5.2]
	at org.junit.platform.launcher.core.DefaultLauncher.execute(DefaultLauncher.java:220) ~[.cp/:?]
	at org.junit.platform.launcher.core.DefaultLauncher.lambda$execute$6(DefaultLauncher.java:188) ~[.cp/:?]
	at org.junit.platform.launcher.core.DefaultLauncher.withInterceptedStreams(DefaultLauncher.java:202) [.cp/:?]
	at org.junit.platform.launcher.core.DefaultLauncher.execute(DefaultLauncher.java:181) [.cp/:?]
	at org.junit.platform.launcher.core.DefaultLauncher.execute(DefaultLauncher.java:128) [.cp/:?]
	at org.eclipse.jdt.internal.junit5.runner.JUnit5TestReference.run(JUnit5TestReference.java:89) [.cp/:?]
	at org.eclipse.jdt.internal.junit.runner.TestExecution.run(TestExecution.java:41) [.cp/:?]
	at org.eclipse.jdt.internal.junit.runner.RemoteTestRunner.runTests(RemoteTestRunner.java:541) [.cp/:?]
	at org.eclipse.jdt.internal.junit.runner.RemoteTestRunner.runTests(RemoteTestRunner.java:763) [.cp/:?]
	at org.eclipse.jdt.internal.junit.runner.RemoteTestRunner.run(RemoteTestRunner.java:463) [.cp/:?]
	at org.eclipse.jdt.internal.junit.runner.RemoteTestRunner.main(RemoteTestRunner.java:209) [.cp/:?]
Caused by: com.netflix.client.ClientException: Load balancer does not have available server for client: netflix-zuul-api-gateway-server
	at com.netflix.loadbalancer.LoadBalancerContext.getServerFromLoadBalancer(LoadBalancerContext.java:483) ~[ribbon-loadbalancer-2.3.0.jar:2.3.0]
	at com.netflix.loadbalancer.reactive.LoadBalancerCommand$1.call(LoadBalancerCommand.java:184) ~[ribbon-loadbalancer-2.3.0.jar:2.3.0]
	at com.netflix.loadbalancer.reactive.LoadBalancerCommand$1.call(LoadBalancerCommand.java:180) ~[ribbon-loadbalancer-2.3.0.jar:2.3.0]
	at rx.Observable.unsafeSubscribe(Observable.java:10327) ~[rxjava-1.3.8.jar:1.3.8]
	at rx.internal.operators.OnSubscribeConcatMap.call(OnSubscribeConcatMap.java:94) ~[rxjava-1.3.8.jar:1.3.8]
	at rx.internal.operators.OnSubscribeConcatMap.call(OnSubscribeConcatMap.java:42) ~[rxjava-1.3.8.jar:1.3.8]
	at rx.Observable.unsafeSubscribe(Observable.java:10327) ~[rxjava-1.3.8.jar:1.3.8]
	at rx.internal.operators.OperatorRetryWithPredicate$SourceSubscriber$1.call(OperatorRetryWithPredicate.java:127) ~[rxjava-1.3.8.jar:1.3.8]
	at rx.internal.schedulers.TrampolineScheduler$InnerCurrentThreadScheduler.enqueue(TrampolineScheduler.java:73) ~[rxjava-1.3.8.jar:1.3.8]
	at rx.internal.schedulers.TrampolineScheduler$InnerCurrentThreadScheduler.schedule(TrampolineScheduler.java:52) ~[rxjava-1.3.8.jar:1.3.8]
	at rx.internal.operators.OperatorRetryWithPredicate$SourceSubscriber.onNext(OperatorRetryWithPredicate.java:79) ~[rxjava-1.3.8.jar:1.3.8]
	at rx.internal.operators.OperatorRetryWithPredicate$SourceSubscriber.onNext(OperatorRetryWithPredicate.java:45) ~[rxjava-1.3.8.jar:1.3.8]
	at rx.internal.util.ScalarSynchronousObservable$WeakSingleProducer.request(ScalarSynchronousObservable.java:276) ~[rxjava-1.3.8.jar:1.3.8]
	at rx.Subscriber.setProducer(Subscriber.java:209) ~[rxjava-1.3.8.jar:1.3.8]
	at rx.internal.util.ScalarSynchronousObservable$JustOnSubscribe.call(ScalarSynchronousObservable.java:138) ~[rxjava-1.3.8.jar:1.3.8]
	at rx.internal.util.ScalarSynchronousObservable$JustOnSubscribe.call(ScalarSynchronousObservable.java:129) ~[rxjava-1.3.8.jar:1.3.8]
	at rx.internal.operators.OnSubscribeLift.call(OnSubscribeLift.java:48) ~[rxjava-1.3.8.jar:1.3.8]
	at rx.internal.operators.OnSubscribeLift.call(OnSubscribeLift.java:30) ~[rxjava-1.3.8.jar:1.3.8]
	at rx.internal.operators.OnSubscribeLift.call(OnSubscribeLift.java:48) ~[rxjava-1.3.8.jar:1.3.8]
	at rx.internal.operators.OnSubscribeLift.call(OnSubscribeLift.java:30) ~[rxjava-1.3.8.jar:1.3.8]
	at rx.internal.operators.OnSubscribeLift.call(OnSubscribeLift.java:48) ~[rxjava-1.3.8.jar:1.3.8]
	at rx.internal.operators.OnSubscribeLift.call(OnSubscribeLift.java:30) ~[rxjava-1.3.8.jar:1.3.8]
	at rx.Observable.subscribe(Observable.java:10423) ~[rxjava-1.3.8.jar:1.3.8]
	at rx.Observable.subscribe(Observable.java:10390) ~[rxjava-1.3.8.jar:1.3.8]
	at rx.observables.BlockingObservable.blockForSingle(BlockingObservable.java:443) ~[rxjava-1.3.8.jar:1.3.8]
	at rx.observables.BlockingObservable.single(BlockingObservable.java:340) ~[rxjava-1.3.8.jar:1.3.8]
	at com.netflix.client.AbstractLoadBalancerAwareClient.executeWithLoadBalancer(AbstractLoadBalancerAwareClient.java:112) ~[ribbon-loadbalancer-2.3.0.jar:2.3.0]
	at org.springframework.cloud.openfeign.ribbon.LoadBalancerFeignClient.execute(LoadBalancerFeignClient.java:83) ~[spring-cloud-openfeign-core-2.2.2.RELEASE.jar:2.2.2.RELEASE]
	... 98 more
2020-mai-15 06:17:34 AM [main] INFO  com.sakhri.trainingService.exceptions.GlobalExceptionHandler - ExceptionHandler Response : ApiResponseDto(timestamp=2020-05-15T06:17:34.111347, message=500 Internal Server Error., details=uri=/training)
2020-mai-15 06:17:34 AM [main] INFO  com.sakhri.trainingService.service.impl.TrainingServiceImpl - Deleting all Trainings
2020-mai-15 06:20:55 AM [main] INFO  com.sakhri.trainingService.integration.TrainingControllerIntegrationTest - No active profile set, falling back to default profiles: default
2020-mai-15 06:21:12 AM [main] INFO  com.sakhri.trainingService.integration.TrainingControllerIntegrationTest - Started TrainingControllerIntegrationTest in 17.49 seconds (JVM running for 24.493)
2020-mai-15 06:21:12 AM [main] INFO  com.sakhri.trainingService.controller.TrainingController - Request for Creating a training with DTO CreateTraining(id=null, name=tr1, muscle=BICEPS, description=null, exercicesId=[1, 2, 3])
2020-mai-15 06:21:12 AM [main] INFO  com.sakhri.trainingService.service.impl.TrainingServiceImpl - Create Training Entity from DTO TrainingDto(name=tr1, muscle=BICEPS, description=null, exercicesId=[1, 2, 3])
2020-mai-15 06:21:12 AM [main] INFO  com.sakhri.trainingService.service.impl.TrainingServiceImpl - Verifying exerciceId 1
2020-mai-15 06:21:12 AM [main] INFO  com.sakhri.trainingService.service.impl.TrainingServiceImpl - ExerciceId 1 exist : true
2020-mai-15 06:21:12 AM [main] INFO  com.sakhri.trainingService.service.impl.TrainingServiceImpl - Verifying exerciceId 2
2020-mai-15 06:21:12 AM [main] INFO  com.sakhri.trainingService.service.impl.TrainingServiceImpl - ExerciceId 2 exist : true
2020-mai-15 06:21:12 AM [main] INFO  com.sakhri.trainingService.service.impl.TrainingServiceImpl - Verifying exerciceId 3
2020-mai-15 06:21:12 AM [main] INFO  com.sakhri.trainingService.service.impl.TrainingServiceImpl - ExerciceId 3 exist : true
2020-mai-15 06:21:12 AM [main] INFO  com.sakhri.trainingService.service.impl.TrainingServiceImpl - Saving Training to DB
2020-mai-15 06:21:12 AM [main] INFO  com.sakhri.trainingService.controller.TrainingController - Training succesfully created  true
2020-mai-15 06:21:13 AM [main] INFO  com.sakhri.trainingService.service.impl.TrainingServiceImpl - Deleting all Trainings
2020-mai-15 06:23:11 AM [main] INFO  com.sakhri.trainingService.integration.TrainingControllerIntegrationTest - No active profile set, falling back to default profiles: default
2020-mai-15 06:23:32 AM [main] INFO  com.sakhri.trainingService.integration.TrainingControllerIntegrationTest - Started TrainingControllerIntegrationTest in 21.683 seconds (JVM running for 28.968)
2020-mai-15 06:23:32 AM [main] INFO  com.sakhri.trainingService.controller.TrainingController - Request for Creating a training with DTO CreateTraining(id=null, name=tr1, muscle=BICEPS, description=null, exercicesId=[1, 2, 3])
2020-mai-15 06:23:32 AM [main] INFO  com.sakhri.trainingService.service.impl.TrainingServiceImpl - Create Training Entity from DTO TrainingDto(name=tr1, muscle=BICEPS, description=null, exercicesId=[1, 2, 3])
2020-mai-15 06:23:32 AM [main] INFO  com.sakhri.trainingService.service.impl.TrainingServiceImpl - Verifying exerciceId 1
2020-mai-15 06:23:32 AM [main] INFO  com.sakhri.trainingService.service.impl.TrainingServiceImpl - ExerciceId 1 exist : true
2020-mai-15 06:23:32 AM [main] INFO  com.sakhri.trainingService.service.impl.TrainingServiceImpl - Verifying exerciceId 2
2020-mai-15 06:23:32 AM [main] INFO  com.sakhri.trainingService.service.impl.TrainingServiceImpl - ExerciceId 2 exist : true
2020-mai-15 06:23:32 AM [main] INFO  com.sakhri.trainingService.service.impl.TrainingServiceImpl - Verifying exerciceId 3
2020-mai-15 06:23:32 AM [main] INFO  com.sakhri.trainingService.service.impl.TrainingServiceImpl - ExerciceId 3 exist : true
2020-mai-15 06:23:32 AM [main] INFO  com.sakhri.trainingService.service.impl.TrainingServiceImpl - Saving Training to DB
2020-mai-15 06:23:32 AM [main] INFO  com.sakhri.trainingService.controller.TrainingController - Training succesfully created  true
2020-mai-15 06:23:33 AM [main] INFO  com.sakhri.trainingService.service.impl.TrainingServiceImpl - Deleting all Trainings
2020-mai-15 06:31:17 AM [main] INFO  com.sakhri.trainingService.TrainingServiceApplicationTests - No active profile set, falling back to default profiles: default
2020-mai-15 06:31:36 AM [main] INFO  com.sakhri.trainingService.TrainingServiceApplicationTests - Started TrainingServiceApplicationTests in 21.068 seconds (JVM running for 29.799)
2020-mai-15 06:31:37 AM [main] INFO  com.sakhri.trainingService.integration.TrainingControllerIntegrationTest - No active profile set, falling back to default profiles: default
2020-mai-15 06:31:50 AM [main] INFO  com.sakhri.trainingService.integration.TrainingControllerIntegrationTest - Started TrainingControllerIntegrationTest in 13.097 seconds (JVM running for 43.189)
2020-mai-15 06:31:50 AM [main] INFO  com.sakhri.trainingService.controller.TrainingController - Request for Creating a training with DTO CreateTraining(id=null, name=tr1, muscle=BICEPS, description=null, exercicesId=[1, 2, 3])
2020-mai-15 06:31:50 AM [main] INFO  com.sakhri.trainingService.service.impl.TrainingServiceImpl - Create Training Entity from DTO TrainingDto(trainingId=null, name=tr1, muscle=BICEPS, description=null, exercicesId=[1, 2, 3])
2020-mai-15 06:31:50 AM [main] INFO  com.sakhri.trainingService.service.impl.TrainingServiceImpl - Verifying exerciceId 1
2020-mai-15 06:31:50 AM [main] INFO  com.sakhri.trainingService.service.impl.TrainingServiceImpl - ExerciceId 1 exist : true
2020-mai-15 06:31:50 AM [main] INFO  com.sakhri.trainingService.service.impl.TrainingServiceImpl - Verifying exerciceId 2
2020-mai-15 06:31:50 AM [main] INFO  com.sakhri.trainingService.service.impl.TrainingServiceImpl - ExerciceId 2 exist : true
2020-mai-15 06:31:50 AM [main] INFO  com.sakhri.trainingService.service.impl.TrainingServiceImpl - Verifying exerciceId 3
2020-mai-15 06:31:50 AM [main] INFO  com.sakhri.trainingService.service.impl.TrainingServiceImpl - ExerciceId 3 exist : true
2020-mai-15 06:31:50 AM [main] INFO  com.sakhri.trainingService.service.impl.TrainingServiceImpl - Saving Training to DB
2020-mai-15 06:31:50 AM [main] INFO  com.sakhri.trainingService.controller.TrainingController - Training succesfully created  true
2020-mai-15 06:31:50 AM [main] INFO  com.sakhri.trainingService.service.impl.TrainingServiceImpl - Deleting all Trainings
2020-mai-15 06:31:51 AM [main] INFO  com.sakhri.trainingService.service.impl.TrainingServiceImpl - Create Training Entity from DTO TrainingDto(trainingId=null, name=tr1, muscle=BICEPS, description=null, exercicesId=[1, 2, 3])
2020-mai-15 06:31:51 AM [main] INFO  com.sakhri.trainingService.service.impl.TrainingServiceImpl - Verifying exerciceId 1
2020-mai-15 06:31:51 AM [main] INFO  com.sakhri.trainingService.service.impl.TrainingServiceImpl - ExerciceId 1 exist : true
2020-mai-15 06:31:51 AM [main] INFO  com.sakhri.trainingService.service.impl.TrainingServiceImpl - Verifying exerciceId 2
2020-mai-15 06:31:51 AM [main] INFO  com.sakhri.trainingService.service.impl.TrainingServiceImpl - ExerciceId 2 exist : true
2020-mai-15 06:31:51 AM [main] INFO  com.sakhri.trainingService.service.impl.TrainingServiceImpl - Verifying exerciceId 3
2020-mai-15 06:31:51 AM [main] INFO  com.sakhri.trainingService.service.impl.TrainingServiceImpl - ExerciceId 3 exist : true
2020-mai-15 06:31:51 AM [main] INFO  com.sakhri.trainingService.service.impl.TrainingServiceImpl - Saving Training to DB
2020-mai-15 06:31:51 AM [main] INFO  com.sakhri.trainingService.service.impl.TrainingServiceImpl - Getting all Trainings
2020-mai-15 06:31:51 AM [main] INFO  com.sakhri.trainingService.service.impl.TrainingServiceImpl - Creating TrainingDto From Entity Training(id=1, trainingId=null, name=tr1, description=null, muscle=BICEPS, exercicesId=1,2,3)
2020-mai-15 06:31:51 AM [main] INFO  com.sakhri.trainingService.service.impl.TrainingServiceImpl - TrainingDto : TrainingDto(trainingId=null, name=tr1, muscle=BICEPS, description=null, exercicesId=[1, 2, 3])
